<?xml version="1.0" encoding="UTF-8" standalone="yes" ?>
<test-results name="D:\PROJETOS-Brasil\Evolution4D\Test Delphi\EclbrSystem\Win32\Debug\PTestDotEnv.exe" total="15" errors="0" failures="0" ignored="0" inconclusive="0" not-run="0" skipped="0" invalid="0" date="2025-04-05" time="3.993">
  <culture-info current-culture="en" current-uiculture="en" />
  <test-suite type="Assembly" name="PTestDotEnv.exe" executed="true" result="Success" success="True" time="3.993" asserts="0">
    <results>
        <test-suite type="Namespace" name="UTestEvolution" executed="true" result="Success" success="True" time="3.992" asserts="0" >
          <results>
              <test-suite type="Fixture" name="TTestDotEnv" executed="True" result="Success" success="True" time="3.992" >
                <results>
                  <test-case name="TestCreateLoadsFile" executed="True" result="Success" success="True" time="0.016" asserts="0" />
                  <test-case name="TestAddAndGetValue" executed="True" result="Success" success="True" time="0.000" asserts="0" />
                  <test-case name="TestGetOrDefault" executed="True" result="Success" success="True" time="0.000" asserts="0" />
                  <test-case name="TestSaveToFile" executed="True" result="Success" success="True" time="0.008" asserts="0" />
                  <test-case name="TestDeleteVariable" executed="True" result="Success" success="True" time="2.043" asserts="0" />
                  <test-case name="TestEnvCreateAndLoad" executed="True" result="Success" success="True" time="0.000" asserts="0" />
                  <test-case name="TestEnvUpdate" executed="True" result="Success" success="True" time="0.000" asserts="0" />
                  <test-case name="TestEnvDelete" executed="True" result="Success" success="True" time="0.000" asserts="0" />
                  <test-case name="TestPropertyAccess" executed="True" result="Success" success="True" time="0.000" asserts="0" />
                  <test-case name="TestPushChaining" executed="True" result="Success" success="True" time="0.000" asserts="0" />
                  <test-case name="TestEmptyFile" executed="True" result="Success" success="True" time="0.000" asserts="0" />
                  <test-case name="TestInterpolation" executed="True" result="Success" success="True" time="0.000" asserts="0" />
                  <test-case name="TestLoadFiles" executed="True" result="Success" success="True" time="0.017" asserts="0" />
                  <test-case name="TestTryGet" executed="True" result="Success" success="True" time="0.955" asserts="0" />
                  <test-case name="TestSystemFallback" executed="True" result="Success" success="True" time="0.952" asserts="0" />
                </results>
              </test-suite>
          </results>
        </test-suite>
    </results>
  </test-suite>
</test-results>
