<?xml version="1.0" encoding="UTF-8" standalone="yes" ?>
<test-results name="D:\PROJETOS-Brasil\ECL\Test Delphi\EclbrSystem\PTestMap.exe" total="23" errors="0" failures="0" ignored="0" inconclusive="0" not-run="0" skipped="0" invalid="0" date="2025-03-24" time="0.014">
  <culture-info current-culture="en" current-uiculture="en" />
  <test-suite type="Assembly" name="PTestMap.exe" executed="true" result="Success" success="True" time="0.014" asserts="0">
    <results>
        <test-suite type="Namespace" name="UTestEcl" executed="true" result="Success" success="True" time="0.013" asserts="0" >
          <results>
              <test-suite type="Fixture" name="TMapTest" executed="True" result="Success" success="True" time="0.013" >
                <results>
                  <test-case name="TestAddOrUpdate" executed="True" result="Success" success="True" time="0.000" asserts="0" />
                  <test-case name="TestGetValue" executed="True" result="Success" success="True" time="0.000" asserts="0" />
                  <test-case name="TestRemove" executed="True" result="Success" success="True" time="0.000" asserts="0" />
                  <test-case name="TestLength" executed="True" result="Success" success="True" time="0.000" asserts="0" />
                  <test-case name="TestAddAndGet" executed="True" result="Success" success="True" time="0.000" asserts="0" />
                  <test-case name="TestLastItemEqualsLastAdded" executed="True" result="Success" success="True" time="0.000" asserts="0" />
                  <test-case name="TestMapMerge" executed="True" result="Success" success="True" time="0.000" asserts="0" />
                  <test-case name="TestMapFilter" executed="True" result="Success" success="True" time="0.000" asserts="0" />
                  <test-case name="TestMapToJson" executed="True" result="Success" success="True" time="0.000" asserts="0" />
                  <test-case name="TestMapCapacity" executed="True" result="Success" success="True" time="0.000" asserts="0" />
                  <test-case name="TestMapToString" executed="True" result="Success" success="True" time="0.000" asserts="0" />
                  <test-case name="TestMapAddRange" executed="True" result="Success" success="True" time="0.000" asserts="0" />
                  <test-case name="TestEnumerator" executed="True" result="Success" success="True" time="0.000" asserts="0" />
                  <test-case name="TestEmptyMap" executed="True" result="Success" success="True" time="0.000" asserts="0" />
                  <test-case name="TestRemoveNonExistentKey" executed="True" result="Success" success="True" time="0.000" asserts="0" />
                  <test-case name="TestTryGetValue" executed="True" result="Success" success="True" time="0.000" asserts="0" />
                  <test-case name="TestGetCollisions" executed="True" result="Success" success="True" time="0.000" asserts="0" />
                  <test-case name="TestToStringRaw" executed="True" result="Success" success="True" time="0.000" asserts="0" />
                  <test-case name="TestToJsonRaw" executed="True" result="Success" success="True" time="0.000" asserts="0" />
                  <test-case name="TestMassInsertions" executed="True" result="Success" success="True" time="0.000" asserts="0" />
                  <test-case name="TestInsertionsAndRemovalsStress" executed="True" result="Success" success="True" time="0.000" asserts="0" />
                  <test-case name="TestHashCollisions" executed="True" result="Success" success="True" time="0.014" asserts="0" />
                  <test-case name="TestCreateWithArrayOfArraysAndMatch" executed="True" result="Success" success="True" time="0.000" asserts="0" />
                </results>
              </test-suite>
          </results>
        </test-suite>
    </results>
  </test-suite>
</test-results>
